<?xml version="1.0" encoding="UTF-8"?>
<!-- Generated by org.testng.reporters.JUnitXMLReporter -->
<testsuite ignored="0" hostname="LAPTOP-7RLL2HTM" failures="0" tests="5" name="Default test" time="44.354" errors="0" timestamp="2021-11-22T20:29:17 EST">
  <testcase classname="sdfc_tests.Leads_test" name="loginTC_20" time="5.583"/>
  <testcase classname="sdfc_tests.Leads_test" name="loginTC_21" time="4.464"/>
  <testcase classname="sdfc_tests.Leads_test" name="loginTC_22" time="13.192"/>
  <testcase classname="sdfc_tests.Leads_test" name="loginTC_23" time="5.611"/>
  <testcase classname="sdfc_tests.Leads_test" name="loginTC_24" time="6.91"/>
</testsuite> <!-- Default test -->
