<?xml version="1.0" encoding="UTF-8"?>
<!-- Generated by org.testng.reporters.JUnitXMLReporter -->
<testsuite ignored="5" hostname="LAPTOP-7RLL2HTM" failures="0" tests="0" time="0.001" errors="0" timestamp="2021-11-18T16:38:26 EST">
  <testcase classname="sdfc_tests.CreateAccount_test" name="loginTC_10" time="0.0">
    <ignored/>
  </testcase> <!-- loginTC_10 -->
  <testcase classname="sdfc_tests.CreateAccount_test" name="loginTC_13" time="0.0">
    <ignored/>
  </testcase> <!-- loginTC_13 -->
  <testcase classname="sdfc_tests.CreateAccount_test" name="loginTC_12" time="0.0">
    <ignored/>
  </testcase> <!-- loginTC_12 -->
  <testcase classname="sdfc_tests.CreateAccount_test" name="loginTC_14" time="0.0">
    <ignored/>
  </testcase> <!-- loginTC_14 -->
  <testcase classname="sdfc_tests.CreateAccount_test" name="loginTC_11" time="0.0">
    <ignored/>
  </testcase> <!-- loginTC_11 -->
</testsuite>
