<?xml version="1.0" encoding="UTF-8"?>
<!-- Generated by org.testng.reporters.JUnitXMLReporter -->
<testsuite ignored="0" hostname="LAPTOP-7RLL2HTM" failures="0" tests="5" name="LoginPage Tests" time="36.415" errors="0" timestamp="2021-11-18T16:36:49 EST">
  <testcase classname="sdfc_tests.Login_test" name="loginTC_01" time="2.867"/>
  <testcase classname="sdfc_tests.Login_test" name="loginTC02" time="5.947"/>
  <testcase classname="sdfc_tests.Login_test" name="loginTC03" time="7.334"/>
  <testcase classname="sdfc_tests.Login_test" name="loginTC04a" time="1.027"/>
  <testcase classname="sdfc_tests.Login_test" name="loginTC04b" time="5.062"/>
</testsuite> <!-- LoginPage Tests -->
