<?xml version="1.0" encoding="UTF-8"?>
<testng-results ignored="0" total="5" passed="5" failed="0" skipped="0">
  <reporter-output>
  </reporter-output>
  <suite started-at="2021-11-22T20:28:32 EST" name="Default suite" finished-at="2021-11-22T20:29:17 EST" duration-ms="44354">
    <groups>
    </groups>
    <test started-at="2021-11-22T20:28:32 EST" name="Default test" finished-at="2021-11-22T20:29:17 EST" duration-ms="44354">
      <class name="sdfc_tests.Leads_test">
        <test-method is-config="true" signature="setUp()[pri:0, instance:sdfc_tests.Leads_test@729d991e]" started-at="2021-11-22T20:28:31 EST" name="setUp" finished-at="2021-11-22T20:28:32 EST" duration-ms="1728" status="PASS">
          <reporter-output>
          </reporter-output>
        </test-method> <!-- setUp -->
        <test-method is-config="true" signature="launchApp()[pri:0, instance:sdfc_tests.Leads_test@729d991e]" started-at="2021-11-22T20:28:32 EST" name="launchApp" finished-at="2021-11-22T20:28:34 EST" duration-ms="1630" status="PASS">
          <reporter-output>
          </reporter-output>
        </test-method> <!-- launchApp -->
        <test-method signature="loginTC_20()[pri:20, instance:sdfc_tests.Leads_test@729d991e]" started-at="2021-11-22T20:28:34 EST" name="loginTC_20" finished-at="2021-11-22T20:28:40 EST" duration-ms="5583" status="PASS">
          <reporter-output>
          </reporter-output>
        </test-method> <!-- loginTC_20 -->
        <test-method is-config="true" signature="launchApp()[pri:0, instance:sdfc_tests.Leads_test@729d991e]" started-at="2021-11-22T20:28:40 EST" name="launchApp" finished-at="2021-11-22T20:28:41 EST" duration-ms="1566" status="PASS">
          <reporter-output>
          </reporter-output>
        </test-method> <!-- launchApp -->
        <test-method signature="loginTC_21()[pri:21, instance:sdfc_tests.Leads_test@729d991e]" started-at="2021-11-22T20:28:41 EST" name="loginTC_21" finished-at="2021-11-22T20:28:46 EST" duration-ms="4464" status="PASS">
          <reporter-output>
          </reporter-output>
        </test-method> <!-- loginTC_21 -->
        <test-method is-config="true" signature="launchApp()[pri:0, instance:sdfc_tests.Leads_test@729d991e]" started-at="2021-11-22T20:28:46 EST" name="launchApp" finished-at="2021-11-22T20:28:47 EST" duration-ms="1637" status="PASS">
          <reporter-output>
          </reporter-output>
        </test-method> <!-- launchApp -->
        <test-method signature="loginTC_22()[pri:22, instance:sdfc_tests.Leads_test@729d991e]" started-at="2021-11-22T20:28:47 EST" name="loginTC_22" finished-at="2021-11-22T20:29:00 EST" duration-ms="13192" status="PASS">
          <reporter-output>
          </reporter-output>
        </test-method> <!-- loginTC_22 -->
        <test-method is-config="true" signature="launchApp()[pri:0, instance:sdfc_tests.Leads_test@729d991e]" started-at="2021-11-22T20:29:00 EST" name="launchApp" finished-at="2021-11-22T20:29:02 EST" duration-ms="1855" status="PASS">
          <reporter-output>
          </reporter-output>
        </test-method> <!-- launchApp -->
        <test-method signature="loginTC_23()[pri:23, instance:sdfc_tests.Leads_test@729d991e]" started-at="2021-11-22T20:29:02 EST" name="loginTC_23" finished-at="2021-11-22T20:29:08 EST" duration-ms="5611" status="PASS">
          <reporter-output>
          </reporter-output>
        </test-method> <!-- loginTC_23 -->
        <test-method is-config="true" signature="launchApp()[pri:0, instance:sdfc_tests.Leads_test@729d991e]" started-at="2021-11-22T20:29:08 EST" name="launchApp" finished-at="2021-11-22T20:29:10 EST" duration-ms="1862" status="PASS">
          <reporter-output>
          </reporter-output>
        </test-method> <!-- launchApp -->
        <test-method signature="loginTC_24()[pri:24, instance:sdfc_tests.Leads_test@729d991e]" started-at="2021-11-22T20:29:10 EST" name="loginTC_24" finished-at="2021-11-22T20:29:17 EST" duration-ms="6910" status="PASS">
          <reporter-output>
          </reporter-output>
        </test-method> <!-- loginTC_24 -->
        <test-method is-config="true" signature="finishtest()[pri:0, instance:sdfc_tests.Leads_test@729d991e]" started-at="2021-11-22T20:29:17 EST" name="finishtest" finished-at="2021-11-22T20:29:17 EST" duration-ms="235" status="PASS">
          <reporter-output>
          </reporter-output>
        </test-method> <!-- finishtest -->
      </class> <!-- sdfc_tests.Leads_test -->
    </test> <!-- Default test -->
  </suite> <!-- Default suite -->
</testng-results>
